<?xml version="1.0" encoding="UTF-8"?>
<testsuite xmlns:xsi="http://www.w3.org/2001/XMLSchema-instance" xsi:noNamespaceSchemaLocation="https://maven.apache.org/surefire/maven-surefire-plugin/xsd/surefire-test-report.xsd" name="datafacades.UserFacadeTest" time="2.851" tests="7" errors="0" skipped="0" failures="0">
  <properties>
[...]
</properties>
  <testcase name="createNoDuplicateUsersTest" classname="datafacades.UserFacadeTest" time="0.314"/>
  <testcase name="getAllUsersTest" classname="datafacades.UserFacadeTest" time="0.213"/>
  <testcase name="updateUserTest" classname="datafacades.UserFacadeTest" time="0.3"/>
  <testcase name="createUserTest" classname="datafacades.UserFacadeTest" time="0.277"/>
  <testcase name="cantFindUserToDeleteTest" classname="datafacades.UserFacadeTest" time="0.193"/>
  <testcase name="getUserByUsernameTest" classname="datafacades.UserFacadeTest" time="0.18"/>
  <testcase name="deleteUserTest" classname="datafacades.UserFacadeTest" time="0.201"/>
</testsuite>